# JRE version: Java(TM) SE Runtime Environment (8.0_45-b14) (build 1.8.0_45-b14)
# Java VM: Java HotSpot(TM) Client VM (25.45-b02 mixed mode, sharing windows-x86 )
Heap:
 def new generation   total 24192K, used 4790K [0x06e00000, 0x08840000, 0x0c350000)
  eden space 21504K,  12% used [0x06e00000, 0x07088bb8, 0x08300000)
  from space 2688K,  81% used [0x085a0000, 0x087c4db0, 0x08840000)
  to   space 2688K,   0% used [0x08300000, 0x08300000, 0x085a0000)
 tenured generation   total 53660K, used 33115K [0x0c350000, 0x0f7b7000, 0x16e00000)
   the space 53660K,  61% used [0x0c350000, 0x0e3a6e98, 0x0e3a7000, 0x0f7b7000)
 Metaspace       used 30961K, capacity 32377K, committed 32512K, reserved 33152K
GC Heap History (10 events):
Event: 8.228 GC heap before
{Heap before GC invocations=126 (full 3):
 def new generation   total 16640K, used 15542K [0x06e00000, 0x08000000, 0x0c350000)
  eden space 14848K, 100% used [0x06e00000, 0x07c80000, 0x07c80000)
  from space 1792K,  38% used [0x07c80000, 0x07d2db88, 0x07e40000)
  to   space 1792K,   0% used [0x07e40000, 0x07e40000, 0x08000000)
 tenured generation   total 36836K, used 36564K [0x0c350000, 0x0e749000, 0x16e00000)
   the space 36836K,  99% used [0x0c350000, 0x0e705140, 0x0e705200, 0x0e749000)
 Metaspace       used 30179K, capacity 31577K, committed 31616K, reserved 32128K
Event: 8.232 GC heap after
Heap after GC invocations=127 (full 3):
 def new generation   total 16640K, used 1328K [0x06e00000, 0x08000000, 0x0c350000)
  eden space 14848K,   0% used [0x06e00000, 0x06e00000, 0x07c80000)
  from space 1792K,  74% used [0x07e40000, 0x07f8c080, 0x08000000)
  to   space 1792K,   0% used [0x07c80000, 0x07c80000, 0x07e40000)
 tenured generation   total 36836K, used 36564K [0x0c350000, 0x0e749000, 0x16e00000)
   the space 36836K,  99% used [0x0c350000, 0x0e705140, 0x0e705200, 0x0e749000)
 Metaspace       used 30179K, capacity 31577K, committed 31616K, reserved 32128K
}
Event: 9.312 GC heap before
{Heap before GC invocations=127 (full 3):
 def new generation   total 16640K, used 16176K [0x06e00000, 0x08000000, 0x0c350000)
  eden space 14848K, 100% used [0x06e00000, 0x07c80000, 0x07c80000)
  from space 1792K,  74% used [0x07e40000, 0x07f8c080, 0x08000000)
  to   space 1792K,   0% used [0x07c80000, 0x07c80000, 0x07e40000)
 tenured generation   total 36836K, used 36564K [0x0c350000, 0x0e749000, 0x16e00000)
   the space 36836K,  99% used [0x0c350000, 0x0e705140, 0x0e705200, 0x0e749000)
 Metaspace       used 30647K, capacity 32082K, committed 32128K, reserved 32128K
Event: 9.380 GC heap after
Heap after GC invocations=128 (full 4):
 def new generation   total 24192K, used 0K [0x06e00000, 0x08840000, 0x0c350000)
  eden space 21504K,   0% used [0x06e00000, 0x06e00000, 0x08300000)
  from space 2688K,   0% used [0x08300000, 0x08300000, 0x085a0000)
  to   space 2688K,   0% used [0x085a0000, 0x085a0000, 0x08840000)
 tenured generation   total 53660K, used 32195K [0x0c350000, 0x0f7b7000, 0x16e00000)
   the space 53660K,  59% used [0x0c350000, 0x0e2c0e28, 0x0e2c1000, 0x0f7b7000)
 Metaspace       used 30595K, capacity 32017K, committed 32128K, reserved 32128K
}
Event: 9.481 GC heap before
{Heap before GC invocations=128 (full 4):
 def new generation   total 24192K, used 21504K [0x06e00000, 0x08840000, 0x0c350000)
  eden space 21504K, 100% used [0x06e00000, 0x08300000, 0x08300000)
  from space 2688K,   0% used [0x08300000, 0x08300000, 0x085a0000)
  to   space 2688K,   0% used [0x085a0000, 0x085a0000, 0x08840000)
 tenured generation   total 53660K, used 32195K [0x0c350000, 0x0f7b7000, 0x16e00000)
   the space 53660K,  59% used [0x0c350000, 0x0e2c0e28, 0x0e2c1000, 0x0f7b7000)
 Metaspace       used 30709K, capacity 32113K, committed 32256K, reserved 33152K
Event: 9.484 GC heap after
Heap after GC invocations=129 (full 4):
 def new generation   total 24192K, used 1536K [0x06e00000, 0x08840000, 0x0c350000)
  eden space 21504K,   0% used [0x06e00000, 0x06e00000, 0x08300000)
  from space 2688K,  57% used [0x085a0000, 0x087202a8, 0x08840000)
  to   space 2688K,   0% used [0x08300000, 0x08300000, 0x085a0000)
 tenured generation   total 53660K, used 32195K [0x0c350000, 0x0f7b7000, 0x16e00000)
   the space 53660K,  59% used [0x0c350000, 0x0e2c0e28, 0x0e2c1000, 0x0f7b7000)
 Metaspace       used 30709K, capacity 32113K, committed 32256K, reserved 33152K
}
Event: 9.566 GC heap before
{Heap before GC invocations=129 (full 4):
 def new generation   total 24192K, used 23040K [0x06e00000, 0x08840000, 0x0c350000)
  eden space 21504K, 100% used [0x06e00000, 0x08300000, 0x08300000)
  from space 2688K,  57% used [0x085a0000, 0x087202a8, 0x08840000)
  to   space 2688K,   0% used [0x08300000, 0x08300000, 0x085a0000)
 tenured generation   total 53660K, used 32195K [0x0c350000, 0x0f7b7000, 0x16e00000)
   the space 53660K,  59% used [0x0c350000, 0x0e2c0e28, 0x0e2c1000, 0x0f7b7000)
 Metaspace       used 30733K, capacity 32145K, committed 32256K, reserved 33152K
Event: 9.570 GC heap after
Heap after GC invocations=130 (full 4):
 def new generation   total 24192K, used 1027K [0x06e00000, 0x08840000, 0x0c350000)
  eden space 21504K,   0% used [0x06e00000, 0x06e00000, 0x08300000)
  from space 2688K,  38% used [0x08300000, 0x08400e48, 0x085a0000)
  to   space 2688K,   0% used [0x085a0000, 0x085a0000, 0x08840000)
 tenured generation   total 53660K, used 33115K [0x0c350000, 0x0f7b7000, 0x16e00000)
   the space 53660K,  61% used [0x0c350000, 0x0e3a6e98, 0x0e3a7000, 0x0f7b7000)
 Metaspace       used 30733K, capacity 32145K, committed 32256K, reserved 33152K
}
Event: 9.664 GC heap before
{Heap before GC invocations=130 (full 4):
 def new generation   total 24192K, used 22531K [0x06e00000, 0x08840000, 0x0c350000)
  eden space 21504K, 100% used [0x06e00000, 0x08300000, 0x08300000)
  from space 2688K,  38% used [0x08300000, 0x08400e48, 0x085a0000)
  to   space 2688K,   0% used [0x085a0000, 0x085a0000, 0x08840000)
 tenured generation   total 53660K, used 33115K [0x0c350000, 0x0f7b7000, 0x16e00000)
   the space 53660K,  61% used [0x0c350000, 0x0e3a6e98, 0x0e3a7000, 0x0f7b7000)
 Metaspace       used 30941K, capacity 32369K, committed 32512K, reserved 33152K
Event: 9.668 GC heap after
Heap after GC invocations=131 (full 4):
 def new generation   total 24192K, used 2195K [0x06e00000, 0x08840000, 0x0c350000)
  eden space 21504K,   0% used [0x06e00000, 0x06e00000, 0x08300000)
  from space 2688K,  81% used [0x085a0000, 0x087c4db0, 0x08840000)
  to   space 2688K,   0% used [0x08300000, 0x08300000, 0x085a0000)
 tenured generation   total 53660K, used 33115K [0x0c350000, 0x0f7b7000, 0x16e00000)
   the space 53660K,  61% used [0x0c350000, 0x0e3a6e98, 0x0e3a7000, 0x0f7b7000)
 Metaspace       used 30941K, capacity 32369K, committed 32512K, reserved 33152K
}

