# JRE version: Java(TM) SE Runtime Environment (8.0_45-b14) (build 1.8.0_45-b14)
# Java VM: Java HotSpot(TM) Client VM (25.45-b02 mixed mode windows-x86 )
Heap:
 def new generation   total 18624K, used 17891K [0x08200000, 0x09630000, 0x0d750000)
  eden space 16576K,  96% used [0x08200000, 0x091acb08, 0x09230000)
  from space 2048K,  89% used [0x09230000, 0x093fc2c8, 0x09430000)
  to   space 2048K,   0% used [0x09430000, 0x09430000, 0x09630000)
 tenured generation   total 41240K, used 30435K [0x0d750000, 0x0ff96000, 0x18200000)
   the space 41240K,  73% used [0x0d750000, 0x0f508c78, 0x0f508e00, 0x0ff96000)
 Metaspace       used 28990K, capacity 30163K, committed 30208K, reserved 31104K
GC Heap History (10 events):
Event: 14.984 GC heap before
{Heap before GC invocations=116 (full 4):
 def new generation   total 18624K, used 17961K [0x08200000, 0x09630000, 0x0d750000)
  eden space 16576K,  99% used [0x08200000, 0x0922f840, 0x09230000)
  from space 2048K,  67% used [0x09430000, 0x0958ad80, 0x09630000)
  to   space 2048K,   0% used [0x09230000, 0x09230000, 0x09430000)
 tenured generation   total 41240K, used 28758K [0x0d750000, 0x0ff96000, 0x18200000)
   the space 41240K,  69% used [0x0d750000, 0x0f3659b0, 0x0f365a00, 0x0ff96000)
 Metaspace       used 26987K, capacity 28124K, committed 28160K, reserved 29056K
Event: 14.994 GC heap after
Heap after GC invocations=117 (full 4):
 def new generation   total 18624K, used 964K [0x08200000, 0x09630000, 0x0d750000)
  eden space 16576K,   0% used [0x08200000, 0x08200000, 0x09230000)
  from space 2048K,  47% used [0x09230000, 0x093211e0, 0x09430000)
  to   space 2048K,   0% used [0x09430000, 0x09430000, 0x09630000)
 tenured generation   total 41240K, used 29671K [0x0d750000, 0x0ff96000, 0x18200000)
   the space 41240K,  71% used [0x0d750000, 0x0f449fb0, 0x0f44a000, 0x0ff96000)
 Metaspace       used 26987K, capacity 28124K, committed 28160K, reserved 29056K
}
Event: 15.189 GC heap before
{Heap before GC invocations=117 (full 4):
 def new generation   total 18624K, used 17540K [0x08200000, 0x09630000, 0x0d750000)
  eden space 16576K, 100% used [0x08200000, 0x09230000, 0x09230000)
  from space 2048K,  47% used [0x09230000, 0x093211e0, 0x09430000)
  to   space 2048K,   0% used [0x09430000, 0x09430000, 0x09630000)
 tenured generation   total 41240K, used 29671K [0x0d750000, 0x0ff96000, 0x18200000)
   the space 41240K,  71% used [0x0d750000, 0x0f449fb0, 0x0f44a000, 0x0ff96000)
 Metaspace       used 27098K, capacity 28230K, committed 28288K, reserved 29056K
Event: 15.201 GC heap after
Heap after GC invocations=118 (full 4):
 def new generation   total 18624K, used 1112K [0x08200000, 0x09630000, 0x0d750000)
  eden space 16576K,   0% used [0x08200000, 0x08200000, 0x09230000)
  from space 2048K,  54% used [0x09430000, 0x095462f8, 0x09630000)
  to   space 2048K,   0% used [0x09230000, 0x09230000, 0x09430000)
 tenured generation   total 41240K, used 29671K [0x0d750000, 0x0ff96000, 0x18200000)
   the space 41240K,  71% used [0x0d750000, 0x0f449fb0, 0x0f44a000, 0x0ff96000)
 Metaspace       used 27098K, capacity 28230K, committed 28288K, reserved 29056K
}
Event: 15.456 GC heap before
{Heap before GC invocations=118 (full 4):
 def new generation   total 18624K, used 17688K [0x08200000, 0x09630000, 0x0d750000)
  eden space 16576K, 100% used [0x08200000, 0x09230000, 0x09230000)
  from space 2048K,  54% used [0x09430000, 0x095462f8, 0x09630000)
  to   space 2048K,   0% used [0x09230000, 0x09230000, 0x09430000)
 tenured generation   total 41240K, used 29671K [0x0d750000, 0x0ff96000, 0x18200000)
   the space 41240K,  71% used [0x0d750000, 0x0f449fb0, 0x0f44a000, 0x0ff96000)
 Metaspace       used 27259K, capacity 28400K, committed 28416K, reserved 29056K
Event: 15.464 GC heap after
Heap after GC invocations=119 (full 4):
 def new generation   total 18624K, used 790K [0x08200000, 0x09630000, 0x0d750000)
  eden space 16576K,   0% used [0x08200000, 0x08200000, 0x09230000)
  from space 2048K,  38% used [0x09230000, 0x092f5950, 0x09430000)
  to   space 2048K,   0% used [0x09430000, 0x09430000, 0x09630000)
 tenured generation   total 41240K, used 30145K [0x0d750000, 0x0ff96000, 0x18200000)
   the space 41240K,  73% used [0x0d750000, 0x0f4c0608, 0x0f4c0800, 0x0ff96000)
 Metaspace       used 27259K, capacity 28400K, committed 28416K, reserved 29056K
}
Event: 15.632 GC heap before
{Heap before GC invocations=119 (full 4):
 def new generation   total 18624K, used 17366K [0x08200000, 0x09630000, 0x0d750000)
  eden space 16576K, 100% used [0x08200000, 0x09230000, 0x09230000)
  from space 2048K,  38% used [0x09230000, 0x092f5950, 0x09430000)
  to   space 2048K,   0% used [0x09430000, 0x09430000, 0x09630000)
 tenured generation   total 41240K, used 30145K [0x0d750000, 0x0ff96000, 0x18200000)
   the space 41240K,  73% used [0x0d750000, 0x0f4c0608, 0x0f4c0800, 0x0ff96000)
 Metaspace       used 27465K, capacity 28632K, committed 28672K, reserved 29056K
Event: 15.638 GC heap after
Heap after GC invocations=120 (full 4):
 def new generation   total 18624K, used 1231K [0x08200000, 0x09630000, 0x0d750000)
  eden space 16576K,   0% used [0x08200000, 0x08200000, 0x09230000)
  from space 2048K,  60% used [0x09430000, 0x09563ee8, 0x09630000)
  to   space 2048K,   0% used [0x09230000, 0x09230000, 0x09430000)
 tenured generation   total 41240K, used 30145K [0x0d750000, 0x0ff96000, 0x18200000)
   the space 41240K,  73% used [0x0d750000, 0x0f4c0608, 0x0f4c0800, 0x0ff96000)
 Metaspace       used 27465K, capacity 28632K, committed 28672K, reserved 29056K
}
Event: 15.876 GC heap before
{Heap before GC invocations=120 (full 4):
 def new generation   total 18624K, used 17807K [0x08200000, 0x09630000, 0x0d750000)
  eden space 16576K, 100% used [0x08200000, 0x09230000, 0x09230000)
  from space 2048K,  60% used [0x09430000, 0x09563ee8, 0x09630000)
  to   space 2048K,   0% used [0x09230000, 0x09230000, 0x09430000)
 tenured generation   total 41240K, used 30145K [0x0d750000, 0x0ff96000, 0x18200000)
   the space 41240K,  73% used [0x0d750000, 0x0f4c0608, 0x0f4c0800, 0x0ff96000)
 Metaspace       used 27760K, capacity 28937K, committed 29056K, reserved 29056K
Event: 15.886 GC heap after
Heap after GC invocations=121 (full 4):
 def new generation   total 18624K, used 1840K [0x08200000, 0x09630000, 0x0d750000)
  eden space 16576K,   0% used [0x08200000, 0x08200000, 0x09230000)
  from space 2048K,  89% used [0x09230000, 0x093fc2c8, 0x09430000)
  to   space 2048K,   0% used [0x09430000, 0x09430000, 0x09630000)
 tenured generation   total 41240K, used 30435K [0x0d750000, 0x0ff96000, 0x18200000)
   the space 41240K,  73% used [0x0d750000, 0x0f508c78, 0x0f508e00, 0x0ff96000)
 Metaspace       used 27760K, capacity 28937K, committed 29056K, reserved 29056K
}

