# JRE version: Java(TM) SE Runtime Environment (8.0_45-b14) (build 1.8.0_45-b14)
# Java VM: Java HotSpot(TM) Client VM (25.45-b02 mixed mode windows-x86 )
Heap:
 def new generation   total 28288K, used 7811K [0x07400000, 0x092b0000, 0x0c950000)
  eden space 25152K,  21% used [0x07400000, 0x0792a440, 0x08c90000)
  from space 3136K,  80% used [0x08c90000, 0x08f06808, 0x08fa0000)
  to   space 3136K,   0% used [0x08fa0000, 0x08fa0000, 0x092b0000)
 tenured generation   total 62712K, used 37626K [0x0c950000, 0x1068e000, 0x17400000)
   the space 62712K,  59% used [0x0c950000, 0x0ee0ebe8, 0x0ee0ec00, 0x1068e000)
 Metaspace       used 34267K, capacity 35672K, committed 35712K, reserved 36224K
GC Heap History (10 events):
Event: 8.857 GC heap before
{Heap before GC invocations=132 (full 4):
 def new generation   total 18688K, used 17961K [0x07400000, 0x08840000, 0x0c950000)
  eden space 16640K, 100% used [0x07400000, 0x08440000, 0x08440000)
  from space 2048K,  64% used [0x08640000, 0x0878a438, 0x08840000)
  to   space 2048K,   0% used [0x08440000, 0x08440000, 0x08640000)
 tenured generation   total 41388K, used 40480K [0x0c950000, 0x0f1bb000, 0x17400000)
   the space 41388K,  97% used [0x0c950000, 0x0f0d8190, 0x0f0d8200, 0x0f1bb000)
 Metaspace       used 33431K, capacity 34838K, committed 34944K, reserved 35200K
Event: 8.861 GC heap after
Heap after GC invocations=133 (full 4):
 def new generation   total 18688K, used 822K [0x07400000, 0x08840000, 0x0c950000)
  eden space 16640K,   0% used [0x07400000, 0x07400000, 0x08440000)
  from space 2048K,  40% used [0x08440000, 0x0850d9d8, 0x08640000)
  to   space 2048K,   0% used [0x08640000, 0x08640000, 0x08840000)
 tenured generation   total 41388K, used 41249K [0x0c950000, 0x0f1bb000, 0x17400000)
   the space 41388K,  99% used [0x0c950000, 0x0f1985e0, 0x0f198600, 0x0f1bb000)
 Metaspace       used 33431K, capacity 34838K, committed 34944K, reserved 35200K
}
Event: 9.941 GC heap before
{Heap before GC invocations=133 (full 4):
 def new generation   total 18688K, used 17462K [0x07400000, 0x08840000, 0x0c950000)
  eden space 16640K, 100% used [0x07400000, 0x08440000, 0x08440000)
  from space 2048K,  40% used [0x08440000, 0x0850d9d8, 0x08640000)
  to   space 2048K,   0% used [0x08640000, 0x08640000, 0x08840000)
 tenured generation   total 41388K, used 41249K [0x0c950000, 0x0f1bb000, 0x17400000)
   the space 41388K,  99% used [0x0c950000, 0x0f1985e0, 0x0f198600, 0x0f1bb000)
 Metaspace       used 33840K, capacity 35271K, committed 35328K, reserved 36224K
Event: 9.946 GC heap after
Heap after GC invocations=134 (full 4):
 def new generation   total 18688K, used 1123K [0x07400000, 0x08840000, 0x0c950000)
  eden space 16640K,   0% used [0x07400000, 0x07400000, 0x08440000)
  from space 2048K,  54% used [0x08640000, 0x08758de0, 0x08840000)
  to   space 2048K,   0% used [0x08440000, 0x08440000, 0x08640000)
 tenured generation   total 41388K, used 41249K [0x0c950000, 0x0f1bb000, 0x17400000)
   the space 41388K,  99% used [0x0c950000, 0x0f1985e0, 0x0f198600, 0x0f1bb000)
 Metaspace       used 33840K, capacity 35271K, committed 35328K, reserved 36224K
}
Event: 10.025 GC heap before
{Heap before GC invocations=134 (full 4):
 def new generation   total 18688K, used 17763K [0x07400000, 0x08840000, 0x0c950000)
  eden space 16640K, 100% used [0x07400000, 0x08440000, 0x08440000)
  from space 2048K,  54% used [0x08640000, 0x08758de0, 0x08840000)
  to   space 2048K,   0% used [0x08440000, 0x08440000, 0x08640000)
 tenured generation   total 41388K, used 41249K [0x0c950000, 0x0f1bb000, 0x17400000)
   the space 41388K,  99% used [0x0c950000, 0x0f1985e0, 0x0f198600, 0x0f1bb000)
 Metaspace       used 34013K, capacity 35431K, committed 35456K, reserved 36224K
Event: 10.094 GC heap after
Heap after GC invocations=135 (full 5):
 def new generation   total 28288K, used 0K [0x07400000, 0x092b0000, 0x0c950000)
  eden space 25152K,   0% used [0x07400000, 0x07400000, 0x08c90000)
  from space 3136K,   0% used [0x08c90000, 0x08c90000, 0x08fa0000)
  to   space 3136K,   0% used [0x08fa0000, 0x08fa0000, 0x092b0000)
 tenured generation   total 62712K, used 37626K [0x0c950000, 0x1068e000, 0x17400000)
   the space 62712K,  59% used [0x0c950000, 0x0ee0ebe8, 0x0ee0ec00, 0x1068e000)
 Metaspace       used 33995K, capacity 35409K, committed 35456K, reserved 36224K
}
Event: 10.194 GC heap before
{Heap before GC invocations=135 (full 5):
 def new generation   total 28288K, used 25152K [0x07400000, 0x092b0000, 0x0c950000)
  eden space 25152K, 100% used [0x07400000, 0x08c90000, 0x08c90000)
  from space 3136K,   0% used [0x08c90000, 0x08c90000, 0x08fa0000)
  to   space 3136K,   0% used [0x08fa0000, 0x08fa0000, 0x092b0000)
 tenured generation   total 62712K, used 37626K [0x0c950000, 0x1068e000, 0x17400000)
   the space 62712K,  59% used [0x0c950000, 0x0ee0ebe8, 0x0ee0ec00, 0x1068e000)
 Metaspace       used 34036K, capacity 35441K, committed 35584K, reserved 36224K
Event: 10.198 GC heap after
Heap after GC invocations=136 (full 5):
 def new generation   total 28288K, used 1351K [0x07400000, 0x092b0000, 0x0c950000)
  eden space 25152K,   0% used [0x07400000, 0x07400000, 0x08c90000)
  from space 3136K,  43% used [0x08fa0000, 0x090f1db8, 0x092b0000)
  to   space 3136K,   0% used [0x08c90000, 0x08c90000, 0x08fa0000)
 tenured generation   total 62712K, used 37626K [0x0c950000, 0x1068e000, 0x17400000)
   the space 62712K,  59% used [0x0c950000, 0x0ee0ebe8, 0x0ee0ec00, 0x1068e000)
 Metaspace       used 34036K, capacity 35441K, committed 35584K, reserved 36224K
}
Event: 10.300 GC heap before
{Heap before GC invocations=136 (full 5):
 def new generation   total 28288K, used 26503K [0x07400000, 0x092b0000, 0x0c950000)
  eden space 25152K, 100% used [0x07400000, 0x08c90000, 0x08c90000)
  from space 3136K,  43% used [0x08fa0000, 0x090f1db8, 0x092b0000)
  to   space 3136K,   0% used [0x08c90000, 0x08c90000, 0x08fa0000)
 tenured generation   total 62712K, used 37626K [0x0c950000, 0x1068e000, 0x17400000)
   the space 62712K,  59% used [0x0c950000, 0x0ee0ebe8, 0x0ee0ec00, 0x1068e000)
 Metaspace       used 34231K, capacity 35633K, committed 35712K, reserved 36224K
Event: 10.305 GC heap after
Heap after GC invocations=137 (full 5):
 def new generation   total 28288K, used 2522K [0x07400000, 0x092b0000, 0x0c950000)
  eden space 25152K,   0% used [0x07400000, 0x07400000, 0x08c90000)
  from space 3136K,  80% used [0x08c90000, 0x08f06808, 0x08fa0000)
  to   space 3136K,   0% used [0x08fa0000, 0x08fa0000, 0x092b0000)
 tenured generation   total 62712K, used 37626K [0x0c950000, 0x1068e000, 0x17400000)
   the space 62712K,  59% used [0x0c950000, 0x0ee0ebe8, 0x0ee0ec00, 0x1068e000)
 Metaspace       used 34231K, capacity 35633K, committed 35712K, reserved 36224K
}

