# JRE version: Java(TM) SE Runtime Environment (8.0_45-b14) (build 1.8.0_45-b14)
# Java VM: Java HotSpot(TM) Client VM (25.45-b02 mixed mode windows-x86 )
Heap:
 def new generation   total 17856K, used 6058K [0x07200000, 0x08550000, 0x0c750000)
  eden space 15936K,  27% used [0x07200000, 0x076375b8, 0x08190000)
  from space 1920K,  90% used [0x08190000, 0x08343438, 0x08370000)
  to   space 1920K,   0% used [0x08370000, 0x08370000, 0x08550000)
 tenured generation   total 39432K, used 34157K [0x0c750000, 0x0edd2000, 0x17200000)
   the space 39432K,  86% used [0x0c750000, 0x0e8ab5d8, 0x0e8ab600, 0x0edd2000)
 Metaspace       used 33289K, capacity 34704K, committed 34816K, reserved 35200K
GC Heap History (10 events):
Event: 7.900 GC heap before
{Heap before GC invocations=125 (full 4):
 def new generation   total 17856K, used 16981K [0x07200000, 0x08550000, 0x0c750000)
  eden space 15936K, 100% used [0x07200000, 0x08190000, 0x08190000)
  from space 1920K,  54% used [0x08370000, 0x084754f0, 0x08550000)
  to   space 1920K,   0% used [0x08190000, 0x08190000, 0x08370000)
 tenured generation   total 39432K, used 31804K [0x0c750000, 0x0edd2000, 0x17200000)
   the space 39432K,  80% used [0x0c750000, 0x0e65f1d8, 0x0e65f200, 0x0edd2000)
 Metaspace       used 31011K, capacity 32185K, committed 32256K, reserved 33152K
Event: 7.904 GC heap after
Heap after GC invocations=126 (full 4):
 def new generation   total 17856K, used 1347K [0x07200000, 0x08550000, 0x0c750000)
  eden space 15936K,   0% used [0x07200000, 0x07200000, 0x08190000)
  from space 1920K,  70% used [0x08190000, 0x082e0c10, 0x08370000)
  to   space 1920K,   0% used [0x08370000, 0x08370000, 0x08550000)
 tenured generation   total 39432K, used 32125K [0x0c750000, 0x0edd2000, 0x17200000)
   the space 39432K,  81% used [0x0c750000, 0x0e6af668, 0x0e6af800, 0x0edd2000)
 Metaspace       used 31011K, capacity 32185K, committed 32256K, reserved 33152K
}
Event: 8.003 GC heap before
{Heap before GC invocations=126 (full 4):
 def new generation   total 17856K, used 17283K [0x07200000, 0x08550000, 0x0c750000)
  eden space 15936K, 100% used [0x07200000, 0x08190000, 0x08190000)
  from space 1920K,  70% used [0x08190000, 0x082e0c10, 0x08370000)
  to   space 1920K,   0% used [0x08370000, 0x08370000, 0x08550000)
 tenured generation   total 39432K, used 32125K [0x0c750000, 0x0edd2000, 0x17200000)
   the space 39432K,  81% used [0x0c750000, 0x0e6af668, 0x0e6af800, 0x0edd2000)
 Metaspace       used 31516K, capacity 32697K, committed 32768K, reserved 33152K
Event: 8.007 GC heap after
Heap after GC invocations=127 (full 4):
 def new generation   total 17856K, used 1006K [0x07200000, 0x08550000, 0x0c750000)
  eden space 15936K,   0% used [0x07200000, 0x07200000, 0x08190000)
  from space 1920K,  52% used [0x08370000, 0x0846b918, 0x08550000)
  to   space 1920K,   0% used [0x08190000, 0x08190000, 0x08370000)
 tenured generation   total 39432K, used 32916K [0x0c750000, 0x0edd2000, 0x17200000)
   the space 39432K,  83% used [0x0c750000, 0x0e775370, 0x0e775400, 0x0edd2000)
 Metaspace       used 31516K, capacity 32697K, committed 32768K, reserved 33152K
}
Event: 8.081 GC heap before
{Heap before GC invocations=127 (full 4):
 def new generation   total 17856K, used 16942K [0x07200000, 0x08550000, 0x0c750000)
  eden space 15936K, 100% used [0x07200000, 0x08190000, 0x08190000)
  from space 1920K,  52% used [0x08370000, 0x0846b918, 0x08550000)
  to   space 1920K,   0% used [0x08190000, 0x08190000, 0x08370000)
 tenured generation   total 39432K, used 32916K [0x0c750000, 0x0edd2000, 0x17200000)
   the space 39432K,  83% used [0x0c750000, 0x0e775370, 0x0e775400, 0x0edd2000)
 Metaspace       used 31656K, capacity 32840K, committed 32896K, reserved 33152K
Event: 8.085 GC heap after
Heap after GC invocations=128 (full 4):
 def new generation   total 17856K, used 514K [0x07200000, 0x08550000, 0x0c750000)
  eden space 15936K,   0% used [0x07200000, 0x07200000, 0x08190000)
  from space 1920K,  26% used [0x08190000, 0x08210aa0, 0x08370000)
  to   space 1920K,   0% used [0x08370000, 0x08370000, 0x08550000)
 tenured generation   total 39432K, used 33308K [0x0c750000, 0x0edd2000, 0x17200000)
   the space 39432K,  84% used [0x0c750000, 0x0e7d7038, 0x0e7d7200, 0x0edd2000)
 Metaspace       used 31656K, capacity 32840K, committed 32896K, reserved 33152K
}
Event: 8.184 GC heap before
{Heap before GC invocations=128 (full 4):
 def new generation   total 17856K, used 16450K [0x07200000, 0x08550000, 0x0c750000)
  eden space 15936K, 100% used [0x07200000, 0x08190000, 0x08190000)
  from space 1920K,  26% used [0x08190000, 0x08210aa0, 0x08370000)
  to   space 1920K,   0% used [0x08370000, 0x08370000, 0x08550000)
 tenured generation   total 39432K, used 33308K [0x0c750000, 0x0edd2000, 0x17200000)
   the space 39432K,  84% used [0x0c750000, 0x0e7d7038, 0x0e7d7200, 0x0edd2000)
 Metaspace       used 31979K, capacity 33296K, committed 33408K, reserved 34176K
Event: 8.188 GC heap after
Heap after GC invocations=129 (full 4):
 def new generation   total 17856K, used 1314K [0x07200000, 0x08550000, 0x0c750000)
  eden space 15936K,   0% used [0x07200000, 0x07200000, 0x08190000)
  from space 1920K,  68% used [0x08370000, 0x084b8aa8, 0x08550000)
  to   space 1920K,   0% used [0x08190000, 0x08190000, 0x08370000)
 tenured generation   total 39432K, used 33308K [0x0c750000, 0x0edd2000, 0x17200000)
   the space 39432K,  84% used [0x0c750000, 0x0e7d7038, 0x0e7d7200, 0x0edd2000)
 Metaspace       used 31979K, capacity 33296K, committed 33408K, reserved 34176K
}
Event: 34.909 GC heap before
{Heap before GC invocations=129 (full 4):
 def new generation   total 17856K, used 17250K [0x07200000, 0x08550000, 0x0c750000)
  eden space 15936K, 100% used [0x07200000, 0x08190000, 0x08190000)
  from space 1920K,  68% used [0x08370000, 0x084b8aa8, 0x08550000)
  to   space 1920K,   0% used [0x08190000, 0x08190000, 0x08370000)
 tenured generation   total 39432K, used 33308K [0x0c750000, 0x0edd2000, 0x17200000)
   the space 39432K,  84% used [0x0c750000, 0x0e7d7038, 0x0e7d7200, 0x0edd2000)
 Metaspace       used 33279K, capacity 34670K, committed 34688K, reserved 35200K
Event: 34.914 GC heap after
Heap after GC invocations=130 (full 4):
 def new generation   total 17856K, used 1741K [0x07200000, 0x08550000, 0x0c750000)
  eden space 15936K,   0% used [0x07200000, 0x07200000, 0x08190000)
  from space 1920K,  90% used [0x08190000, 0x08343438, 0x08370000)
  to   space 1920K,   0% used [0x08370000, 0x08370000, 0x08550000)
 tenured generation   total 39432K, used 34157K [0x0c750000, 0x0edd2000, 0x17200000)
   the space 39432K,  86% used [0x0c750000, 0x0e8ab5d8, 0x0e8ab600, 0x0edd2000)
 Metaspace       used 33279K, capacity 34670K, committed 34688K, reserved 35200K
}

