# JRE version: Java(TM) SE Runtime Environment (8.0_45-b14) (build 1.8.0_45-b14)
# Java VM: Java HotSpot(TM) Client VM (25.45-b02 mixed mode windows-x86 )
Heap:
 def new generation   total 29504K, used 28224K [0x07800000, 0x09800000, 0x0cd50000)
  eden space 26240K,  99% used [0x07800000, 0x09171338, 0x091a0000)
  from space 3264K,  66% used [0x094d0000, 0x096eeda0, 0x09800000)
  to   space 3264K,   0% used [0x091a0000, 0x091a0000, 0x094d0000)
 tenured generation   total 65408K, used 40223K [0x0cd50000, 0x10d30000, 0x17800000)
   the space 65408K,  61% used [0x0cd50000, 0x0f497ed8, 0x0f498000, 0x10d30000)
 Metaspace       used 36882K, capacity 38378K, committed 38528K, reserved 39296K
GC Heap History (10 events):
Event: 9.592 GC heap before
{Heap before GC invocations=147 (full 5):
 def new generation   total 29504K, used 26239K [0x07800000, 0x09800000, 0x0cd50000)
  eden space 26240K,  99% used [0x07800000, 0x0919ffe8, 0x091a0000)
  from space 3264K,   0% used [0x091a0000, 0x091a0000, 0x094d0000)
  to   space 3264K,   0% used [0x094d0000, 0x094d0000, 0x09800000)
 tenured generation   total 65408K, used 39244K [0x0cd50000, 0x10d30000, 0x17800000)
   the space 65408K,  59% used [0x0cd50000, 0x0f3a3150, 0x0f3a3200, 0x10d30000)
 Metaspace       used 35627K, capacity 36975K, committed 37120K, reserved 37248K
Event: 9.596 GC heap after
Heap after GC invocations=148 (full 5):
 def new generation   total 29504K, used 1079K [0x07800000, 0x09800000, 0x0cd50000)
  eden space 26240K,   0% used [0x07800000, 0x07800000, 0x091a0000)
  from space 3264K,  33% used [0x094d0000, 0x095ddd48, 0x09800000)
  to   space 3264K,   0% used [0x091a0000, 0x091a0000, 0x094d0000)
 tenured generation   total 65408K, used 39244K [0x0cd50000, 0x10d30000, 0x17800000)
   the space 65408K,  59% used [0x0cd50000, 0x0f3a3150, 0x0f3a3200, 0x10d30000)
 Metaspace       used 35627K, capacity 36975K, committed 37120K, reserved 37248K
}
Event: 9.708 GC heap before
{Heap before GC invocations=148 (full 5):
 def new generation   total 29504K, used 27319K [0x07800000, 0x09800000, 0x0cd50000)
  eden space 26240K, 100% used [0x07800000, 0x091a0000, 0x091a0000)
  from space 3264K,  33% used [0x094d0000, 0x095ddd48, 0x09800000)
  to   space 3264K,   0% used [0x091a0000, 0x091a0000, 0x094d0000)
 tenured generation   total 65408K, used 39244K [0x0cd50000, 0x10d30000, 0x17800000)
   the space 65408K,  59% used [0x0cd50000, 0x0f3a3150, 0x0f3a3200, 0x10d30000)
 Metaspace       used 35792K, capacity 37121K, committed 37248K, reserved 37248K
Event: 9.713 GC heap after
Heap after GC invocations=149 (full 5):
 def new generation   total 29504K, used 1465K [0x07800000, 0x09800000, 0x0cd50000)
  eden space 26240K,   0% used [0x07800000, 0x07800000, 0x091a0000)
  from space 3264K,  44% used [0x091a0000, 0x0930e770, 0x094d0000)
  to   space 3264K,   0% used [0x094d0000, 0x094d0000, 0x09800000)
 tenured generation   total 65408K, used 39244K [0x0cd50000, 0x10d30000, 0x17800000)
   the space 65408K,  59% used [0x0cd50000, 0x0f3a3150, 0x0f3a3200, 0x10d30000)
 Metaspace       used 35792K, capacity 37121K, committed 37248K, reserved 37248K
}
Event: 9.806 GC heap before
{Heap before GC invocations=149 (full 5):
 def new generation   total 29504K, used 27705K [0x07800000, 0x09800000, 0x0cd50000)
  eden space 26240K, 100% used [0x07800000, 0x091a0000, 0x091a0000)
  from space 3264K,  44% used [0x091a0000, 0x0930e770, 0x094d0000)
  to   space 3264K,   0% used [0x094d0000, 0x094d0000, 0x09800000)
 tenured generation   total 65408K, used 39244K [0x0cd50000, 0x10d30000, 0x17800000)
   the space 65408K,  59% used [0x0cd50000, 0x0f3a3150, 0x0f3a3200, 0x10d30000)
 Metaspace       used 35934K, capacity 37288K, committed 37376K, reserved 38272K
Event: 9.812 GC heap after
Heap after GC invocations=150 (full 5):
 def new generation   total 29504K, used 1893K [0x07800000, 0x09800000, 0x0cd50000)
  eden space 26240K,   0% used [0x07800000, 0x07800000, 0x091a0000)
  from space 3264K,  58% used [0x094d0000, 0x096a9678, 0x09800000)
  to   space 3264K,   0% used [0x091a0000, 0x091a0000, 0x094d0000)
 tenured generation   total 65408K, used 39244K [0x0cd50000, 0x10d30000, 0x17800000)
   the space 65408K,  59% used [0x0cd50000, 0x0f3a3150, 0x0f3a3200, 0x10d30000)
 Metaspace       used 35934K, capacity 37288K, committed 37376K, reserved 38272K
}
Event: 9.926 GC heap before
{Heap before GC invocations=150 (full 5):
 def new generation   total 29504K, used 28133K [0x07800000, 0x09800000, 0x0cd50000)
  eden space 26240K, 100% used [0x07800000, 0x091a0000, 0x091a0000)
  from space 3264K,  58% used [0x094d0000, 0x096a9678, 0x09800000)
  to   space 3264K,   0% used [0x091a0000, 0x091a0000, 0x094d0000)
 tenured generation   total 65408K, used 39244K [0x0cd50000, 0x10d30000, 0x17800000)
   the space 65408K,  59% used [0x0cd50000, 0x0f3a3150, 0x0f3a3200, 0x10d30000)
 Metaspace       used 36080K, capacity 37469K, committed 37504K, reserved 38272K
Event: 9.932 GC heap after
Heap after GC invocations=151 (full 5):
 def new generation   total 29504K, used 1987K [0x07800000, 0x09800000, 0x0cd50000)
  eden space 26240K,   0% used [0x07800000, 0x07800000, 0x091a0000)
  from space 3264K,  60% used [0x091a0000, 0x09390f30, 0x094d0000)
  to   space 3264K,   0% used [0x094d0000, 0x094d0000, 0x09800000)
 tenured generation   total 65408K, used 39784K [0x0cd50000, 0x10d30000, 0x17800000)
   the space 65408K,  60% used [0x0cd50000, 0x0f42a3a0, 0x0f42a400, 0x10d30000)
 Metaspace       used 36080K, capacity 37469K, committed 37504K, reserved 38272K
}
Event: 10.040 GC heap before
{Heap before GC invocations=151 (full 5):
 def new generation   total 29504K, used 28227K [0x07800000, 0x09800000, 0x0cd50000)
  eden space 26240K, 100% used [0x07800000, 0x091a0000, 0x091a0000)
  from space 3264K,  60% used [0x091a0000, 0x09390f30, 0x094d0000)
  to   space 3264K,   0% used [0x094d0000, 0x094d0000, 0x09800000)
 tenured generation   total 65408K, used 39784K [0x0cd50000, 0x10d30000, 0x17800000)
   the space 65408K,  60% used [0x0cd50000, 0x0f42a3a0, 0x0f42a400, 0x10d30000)
 Metaspace       used 36254K, capacity 37669K, committed 37760K, reserved 38272K
Event: 10.047 GC heap after
Heap after GC invocations=152 (full 5):
 def new generation   total 29504K, used 2171K [0x07800000, 0x09800000, 0x0cd50000)
  eden space 26240K,   0% used [0x07800000, 0x07800000, 0x091a0000)
  from space 3264K,  66% used [0x094d0000, 0x096eeda0, 0x09800000)
  to   space 3264K,   0% used [0x091a0000, 0x091a0000, 0x094d0000)
 tenured generation   total 65408K, used 40223K [0x0cd50000, 0x10d30000, 0x17800000)
   the space 65408K,  61% used [0x0cd50000, 0x0f497ed8, 0x0f498000, 0x10d30000)
 Metaspace       used 36254K, capacity 37669K, committed 37760K, reserved 38272K
}

